e:\library\dropbox\school\wsu\cts122\assignment 6_2\assignment 6_2\debug\vc120.pdb
e:\library\dropbox\school\wsu\cts122\assignment 6_2\assignment 6_2\debug\vc120.idb
e:\library\dropbox\school\wsu\cts122\assignment 6_2\assignment 6_2\debug\main.obj
e:\library\dropbox\school\wsu\cts122\assignment 6_2\assignment 6_2\debug\checkoutsimfunctions.obj
d:\dropbox\school\wsu\cts122\assignment 6_2\assignment 6_2\debug\vc120.pdb
d:\dropbox\school\wsu\cts122\assignment 6_2\assignment 6_2\debug\vc120.idb
d:\dropbox\school\wsu\cts122\assignment 6_2\assignment 6_2\debug\checkoutsimfunctions.obj
d:\dropbox\school\wsu\cts122\assignment 6_2\assignment 6_2\debug\main.obj
e:\library\dropbox\school\wsu\cts122\assignment 6_2\debug\assignment 6_2.ilk
e:\library\dropbox\school\wsu\cts122\assignment 6_2\debug\assignment 6_2.exe
e:\library\dropbox\school\wsu\cts122\assignment 6_2\debug\assignment 6_2.pdb
d:\dropbox\school\wsu\cts122\assignment 6_2\debug\assignment 6_2.ilk
d:\dropbox\school\wsu\cts122\assignment 6_2\debug\assignment 6_2.exe
d:\dropbox\school\wsu\cts122\assignment 6_2\debug\assignment 6_2.pdb
d:\dropbox\school\wsu\cts122\assignment 6_2\assignment 6_2\debug\checkoutsimfunctions (aw's conflicted copy 2014-04-17).obj
d:\dropbox\school\wsu\cts122\assignment 6_2\assignment 6_2\debug\main (aw's conflicted copy 2014-04-17).obj
d:\dropbox\school\wsu\cts122\assignment 6_2\assignment 6_2\debug\vc120 (aw's conflicted copy 2014-04-17).idb
d:\dropbox\school\wsu\cts122\assignment 6_2\assignment 6_2\debug\vc120 (aw's conflicted copy 2014-04-17).pdb
d:\dropbox\school\wsu\cts122\assignment 6_2\assignment 6_2\debug\assignment 6_2.tlog\cl.command.1.tlog
d:\dropbox\school\wsu\cts122\assignment 6_2\assignment 6_2\debug\assignment 6_2.tlog\cl.read.1 (aw's conflicted copy 2014-04-17).tlog
d:\dropbox\school\wsu\cts122\assignment 6_2\assignment 6_2\debug\assignment 6_2.tlog\cl.read.1.tlog
d:\dropbox\school\wsu\cts122\assignment 6_2\assignment 6_2\debug\assignment 6_2.tlog\cl.write.1 (aw's conflicted copy 2014-04-17).tlog
d:\dropbox\school\wsu\cts122\assignment 6_2\assignment 6_2\debug\assignment 6_2.tlog\cl.write.1.tlog
d:\dropbox\school\wsu\cts122\assignment 6_2\assignment 6_2\debug\assignment 6_2.tlog\link.command.1.tlog
d:\dropbox\school\wsu\cts122\assignment 6_2\assignment 6_2\debug\assignment 6_2.tlog\link.read.1 (aw's conflicted copy 2014-04-17).tlog
d:\dropbox\school\wsu\cts122\assignment 6_2\assignment 6_2\debug\assignment 6_2.tlog\link.write.1 (aw's conflicted copy 2014-04-17).tlog
