Build started 4/17/2014 3:27:43 AM.
     1>Project "D:\Dropbox\School\WSU\CTS122\Assignment 6_2\Assignment 6_2\Assignment 6_2.vcxproj" on node 2 (Build target(s)).
     1>ClCompile:
         C:\Program Files (x86)\Microsoft Visual Studio 12.0\VC\bin\CL.exe /c /ZI /nologo /W3 /WX- /sdl /Od /Oy- /D WIN32 /D _DEBUG /D _CONSOLE /D _LIB /D _UNICODE /D UNICODE /Gm /EHsc /RTC1 /MDd /GS /fp:precise /Zc:wchar_t /Zc:forScope /Fo"Debug\\" /Fd"Debug\vc120.pdb" /Gd /TP /analyze- /errorReport:prompt CheckoutSimFunctions.cpp main.cpp
         main.cpp
     1>d:\dropbox\school\wsu\cts122\assignment 6_2\assignment 6_2\randomnumbergenerator.h(25): warning C4244: 'argument' : conversion from 'time_t' to 'unsigned int', possible loss of data
     1>d:\dropbox\school\wsu\cts122\assignment 6_2\assignment 6_2\main.cpp(91): warning C4018: '<' : signed/unsigned mismatch
     1>d:\dropbox\school\wsu\cts122\assignment 6_2\assignment 6_2\main.cpp(121): warning C4018: '<' : signed/unsigned mismatch
     1>d:\dropbox\school\wsu\cts122\assignment 6_2\assignment 6_2\main.cpp(184): warning C4018: '<' : signed/unsigned mismatch
     1>d:\dropbox\school\wsu\cts122\assignment 6_2\assignment 6_2\main.cpp(188): warning C4018: '<' : signed/unsigned mismatch
     1>d:\dropbox\school\wsu\cts122\assignment 6_2\assignment 6_2\main.cpp(38): warning C4101: 'randomCheckstand' : unreferenced local variable
         CheckoutSimFunctions.cpp
         Generating Code...
     1>d:\dropbox\school\wsu\cts122\assignment 6_2\assignment 6_2\randomnumbergenerator.h(45): warning C4715: 'RandomNumberGenerator::getRandomNumber' : not all control paths return a value
       Link:
         C:\Program Files (x86)\Microsoft Visual Studio 12.0\VC\bin\link.exe /ERRORREPORT:PROMPT /OUT:"D:\Dropbox\School\WSU\CTS122\Assignment 6_2\Debug\Assignment 6_2.exe" /INCREMENTAL /NOLOGO kernel32.lib user32.lib gdi32.lib winspool.lib comdlg32.lib advapi32.lib shell32.lib ole32.lib oleaut32.lib uuid.lib odbc32.lib odbccp32.lib /MANIFEST /MANIFESTUAC:"level='asInvoker' uiAccess='false'" /manifest:embed /DEBUG /PDB:"D:\Dropbox\School\WSU\CTS122\Assignment 6_2\Debug\Assignment 6_2.pdb" /SUBSYSTEM:CONSOLE /TLBID:1 /DYNAMICBASE /NXCOMPAT /IMPLIB:"D:\Dropbox\School\WSU\CTS122\Assignment 6_2\Debug\Assignment 6_2.lib" /MACHINE:X86 Debug\CheckoutSimFunctions.obj
         Debug\main.obj
         Assignment 6_2.vcxproj -> D:\Dropbox\School\WSU\CTS122\Assignment 6_2\Debug\Assignment 6_2.exe
     1>Done Building Project "D:\Dropbox\School\WSU\CTS122\Assignment 6_2\Assignment 6_2\Assignment 6_2.vcxproj" (Build target(s)).

Build succeeded.

Time Elapsed 00:00:01.82
