Build started 3/14/2014 8:52:03 PM.
     1>Project "C:\Users\Justin\Dropbox\School\WSU\CTS122\Assingnmet 4\Assingnment 4\Assingnment 4\Assingnment 4.vcxproj" on node 2 (Build target(s)).
     1>ClCompile:
         C:\Program Files (x86)\Microsoft Visual Studio 12.0\VC\bin\CL.exe /c /ZI /nologo /W3 /WX- /sdl /Od /Oy- /D WIN32 /D _DEBUG /D _CONSOLE /D _LIB /D _UNICODE /D UNICODE /Gm /EHsc /RTC1 /MDd /GS /fp:precise /Zc:wchar_t /Zc:forScope /Fo"Debug\\" /Fd"Debug\vc120.pdb" /Gd /TP /analyze- /errorReport:prompt AddRandomNoise.cpp FlipHorzantal.cpp GreyScale.cpp HighContrast.cpp NegateBlue.cpp NegateGreen.cpp NegateRed.cpp Point.cpp RemoveBlueEffect.cpp RemoveGreenEffect.cpp RemoveRedEffect.cpp main.cpp userInterface.cpp
         main.cpp
     1>c:\users\justin\dropbox\school\wsu\cts122\assingnmet 4\assingnment 4\assingnment 4\main.cpp(228): warning C4018: '<' : signed/unsigned mismatch
         RemoveRedEffect.cpp
     1>c:\users\justin\dropbox\school\wsu\cts122\assingnmet 4\assingnment 4\assingnment 4\removeredeffect.cpp(24): warning C4018: '<' : signed/unsigned mismatch
         RemoveGreenEffect.cpp
     1>c:\users\justin\dropbox\school\wsu\cts122\assingnmet 4\assingnment 4\assingnment 4\removegreeneffect.cpp(24): warning C4018: '<' : signed/unsigned mismatch
         RemoveBlueEffect.cpp
     1>c:\users\justin\dropbox\school\wsu\cts122\assingnmet 4\assingnment 4\assingnment 4\removeblueeffect.cpp(24): warning C4018: '<' : signed/unsigned mismatch
         NegateRed.cpp
     1>c:\users\justin\dropbox\school\wsu\cts122\assingnmet 4\assingnment 4\assingnment 4\negatered.cpp(24): warning C4018: '<' : signed/unsigned mismatch
         NegateGreen.cpp
     1>c:\users\justin\dropbox\school\wsu\cts122\assingnmet 4\assingnment 4\assingnment 4\negategreen.cpp(25): warning C4018: '<' : signed/unsigned mismatch
         NegateBlue.cpp
     1>c:\users\justin\dropbox\school\wsu\cts122\assingnmet 4\assingnment 4\assingnment 4\negateblue.cpp(23): warning C4018: '<' : signed/unsigned mismatch
         HighContrast.cpp
     1>c:\users\justin\dropbox\school\wsu\cts122\assingnmet 4\assingnment 4\assingnment 4\highcontrast.cpp(24): warning C4018: '<' : signed/unsigned mismatch
         GreyScale.cpp
     1>c:\users\justin\dropbox\school\wsu\cts122\assingnmet 4\assingnment 4\assingnment 4\greyscale.cpp(23): warning C4018: '<' : signed/unsigned mismatch
         FlipHorzantal.cpp
         AddRandomNoise.cpp
     1>c:\users\justin\dropbox\school\wsu\cts122\assingnmet 4\assingnment 4\assingnment 4\addrandomnoise.cpp(26): warning C4018: '<' : signed/unsigned mismatch
         Generating Code...
         Compiling...
         userInterface.cpp
         Point.cpp
         Generating Code...
       Link:
         C:\Program Files (x86)\Microsoft Visual Studio 12.0\VC\bin\link.exe /ERRORREPORT:PROMPT /OUT:"C:\Users\Justin\Dropbox\School\WSU\CTS122\Assingnmet 4\Assingnment 4\Debug\Assingnment 4.exe" /INCREMENTAL /NOLOGO kernel32.lib user32.lib gdi32.lib winspool.lib comdlg32.lib advapi32.lib shell32.lib ole32.lib oleaut32.lib uuid.lib odbc32.lib odbccp32.lib /MANIFEST /MANIFESTUAC:"level='asInvoker' uiAccess='false'" /manifest:embed /DEBUG /PDB:"C:\Users\Justin\Dropbox\School\WSU\CTS122\Assingnmet 4\Assingnment 4\Debug\Assingnment 4.pdb" /SUBSYSTEM:CONSOLE /TLBID:1 /DYNAMICBASE /NXCOMPAT /IMPLIB:"C:\Users\Justin\Dropbox\School\WSU\CTS122\Assingnmet 4\Assingnment 4\Debug\Assingnment 4.lib" /MACHINE:X86 Debug\AddRandomNoise.obj
         Debug\FlipHorzantal.obj
         Debug\GreyScale.obj
         Debug\HighContrast.obj
         Debug\main.obj
         Debug\NegateBlue.obj
         Debug\NegateGreen.obj
         Debug\NegateRed.obj
         Debug\Point.obj
         Debug\RemoveBlueEffect.obj
         Debug\RemoveGreenEffect.obj
         Debug\RemoveRedEffect.obj
         Debug\userInterface.obj
         Assingnment 4.vcxproj -> C:\Users\Justin\Dropbox\School\WSU\CTS122\Assingnmet 4\Assingnment 4\Debug\Assingnment 4.exe
     1>Done Building Project "C:\Users\Justin\Dropbox\School\WSU\CTS122\Assingnmet 4\Assingnment 4\Assingnment 4\Assingnment 4.vcxproj" (Build target(s)).

Build succeeded.

Time Elapsed 00:00:05.28
