Build started 3/5/2014 11:19:55 PM.
     1>Project "C:\Users\Justin\Desktop\Assignment 3\Assignment 3\Assignment 3.vcxproj" on node 2 (Build target(s)).
     1>ClCompile:
         E:\Visual Studio 2013\VC\bin\CL.exe /c /ZI /nologo /W3 /WX- /sdl /Od /Oy- /D WIN32 /D _DEBUG /D _CONSOLE /D _LIB /D _UNICODE /D UNICODE /Gm /EHsc /RTC1 /MDd /GS /fp:precise /Zc:wchar_t /Zc:forScope /Fo"Debug\\" /Fd"Debug\vc120.pdb" /Gd /TP /analyze- /errorReport:prompt EmployeeFactory.cpp main.cpp
         EmployeeFactory.cpp
     1>c:\users\justin\desktop\assignment 3\assignment 3\employeefactory.cpp(109): warning C4244: 'initializing' : conversion from 'double' to 'int', possible loss of data
         Generating Code...
         Skipping... (no relevant changes detected)
         main.cpp
       Link:
         E:\Visual Studio 2013\VC\bin\link.exe /ERRORREPORT:PROMPT /OUT:"C:\Users\Justin\Desktop\Assignment 3\Assignment 3\Debug\Assignment 3.exe" /INCREMENTAL /NOLOGO kernel32.lib user32.lib gdi32.lib winspool.lib comdlg32.lib advapi32.lib shell32.lib ole32.lib oleaut32.lib uuid.lib odbc32.lib odbccp32.lib /MANIFEST /MANIFESTUAC:"level='asInvoker' uiAccess='false'" /manifest:embed /DEBUG /PDB:"C:\Users\Justin\Desktop\Assignment 3\Assignment 3\Debug\Assignment 3.pdb" /SUBSYSTEM:CONSOLE /TLBID:1 /DYNAMICBASE /NXCOMPAT /IMPLIB:"C:\Users\Justin\Desktop\Assignment 3\Assignment 3\Debug\Assignment 3.lib" /MACHINE:X86 Debug\ClassifiedStaff.obj
         Debug\Employee.obj
         Debug\EmployeeFactory.obj
         Debug\Faculty.obj
         Debug\main.obj
         Debug\StudentEmployee.obj
         Assignment 3.vcxproj -> C:\Users\Justin\Desktop\Assignment 3\Assignment 3\Debug\Assignment 3.exe
     1>Done Building Project "C:\Users\Justin\Desktop\Assignment 3\Assignment 3\Assignment 3.vcxproj" (Build target(s)).

Build succeeded.

Time Elapsed 00:00:00.50
